#
# There is insufficient memory for the Java Runtime Environment to continue.
# Native memory allocation (mmap) failed to map 264241152 bytes for G1 virtual space
# Possible reasons:
#   The system is out of physical RAM or swap space
#   The process is running with CompressedOops enabled, and the Java Heap may be blocking the growth of the native heap
# Possible solutions:
#   Reduce memory load on the system
#   Increase physical memory or swap space
#   Check if swap backing store is full
#   Decrease Java heap size (-Xmx/-Xms)
#   Decrease number of Java threads
#   Decrease Java thread stack sizes (-Xss)
#   Set larger code cache with -XX:ReservedCodeCacheSize=
#   JVM is running with Zero Based Compressed Oops mode in which the Java heap is
#     placed in the first 32GB address space. The Java Heap base address is the
#     maximum limit for the native heap growth. Please use -XX:HeapBaseMinAddress
#     to set the Java Heap base and to place the Java Heap above 32GB virtual address.
# This output file may be truncated or incomplete.
#
#  Out of Memory Error (os_windows.cpp:3825), pid=14096, tid=17948
#
# JRE version:  (17.0.9) (build )
# Java VM: OpenJDK 64-Bit Server VM (17.0.9+0--11185874, mixed mode, sharing, tiered, compressed oops, compressed class ptrs, g1 gc, windows-amd64)
# No core dump will be written. Minidumps are not enabled by default on client versions of Windows
#

---------------  S U M M A R Y ------------

Command Line: 

Host: 11th Gen Intel(R) Core(TM) i5-11400H @ 2.70GHz, 12 cores, 15G,  Windows 11 , 64 bit Build 22621 (10.0.22621.3235)
Time: Sun Mar 17 15:56:15 2024 India Standard Time elapsed time: 0.020779 seconds (0d 0h 0m 0s)

---------------  T H R E A D  ---------------

Current thread (0x000002953a63cca0):  JavaThread "Unknown thread" [_thread_in_vm, id=17948, stack(0x000000c82ac00000,0x000000c82ad00000)]

Stack: [0x000000c82ac00000,0x000000c82ad00000]
Native frames: (J=compiled Java code, j=interpreted, Vv=VM code, C=native code)
V  [jvm.dll+0x6886e9]
V  [jvm.dll+0x841e4a]
V  [jvm.dll+0x843a8e]
V  [jvm.dll+0x8440f3]
V  [jvm.dll+0x24c14f]
V  [jvm.dll+0x685499]
V  [jvm.dll+0x679c2a]
V  [jvm.dll+0x30cf9b]
V  [jvm.dll+0x314446]
V  [jvm.dll+0x36425e]
V  [jvm.dll+0x36448f]
V  [jvm.dll+0x2e2d68]
V  [jvm.dll+0x2e3cd4]
V  [jvm.dll+0x8129f1]
V  [jvm.dll+0x3720c1]
V  [jvm.dll+0x7f152c]
V  [jvm.dll+0x3f5d4f]
V  [jvm.dll+0x3f7981]
C  [jli.dll+0x528f]
C  [ucrtbase.dll+0x29363]
C  [KERNEL32.DLL+0x1257d]
C  [ntdll.dll+0x5aa58]


---------------  P R O C E S S  ---------------

Threads class SMR info:
_java_thread_list=0x00007ffc3974ef18, length=0, elements={
}

Java Threads: ( => current thread )

Other Threads:
  0x000002953a6a75a0 GCTaskThread "GC Thread#0" [stack: 0x000000c82ad00000,0x000000c82ae00000] [id=13724]
  0x000002953a6b80b0 ConcurrentGCThread "G1 Main Marker" [stack: 0x000000c82ae00000,0x000000c82af00000] [id=11548]
  0x000002953a6b8ad0 ConcurrentGCThread "G1 Conc#0" [stack: 0x000000c82af00000,0x000000c82b000000] [id=15336]

[error occurred during error reporting (printing all threads), id 0xc0000005, EXCEPTION_ACCESS_VIOLATION (0xc0000005) at pc=0x00007ffc38f03937]

VM state: not at safepoint (not fully initialized)

VM Mutex/Monitor currently owned by a thread:  ([mutex/lock_event])
[0x000002953a636da0] Heap_lock - owner thread: 0x000002953a63cca0

Heap address: 0x0000000704400000, size: 4028 MB, Compressed Oops mode: Zero based, Oop shift amount: 3

CDS archive(s) mapped at: [0x0000000000000000-0x0000000000000000-0x0000000000000000), size 0, SharedBaseAddress: 0x0000000800000000, ArchiveRelocationMode: 1.
Narrow klass base: 0x0000000000000000, Narrow klass shift: 0, Narrow klass range: 0x0

GC Precious Log:
<Empty>

Heap:
 garbage-first heap   total 0K, used 0K [0x0000000704400000, 0x0000000800000000)
  region size 2048K, 0 young (0K), 0 survivors (0K)
 Metaspace       used 0K, committed 0K, reserved 0K
  class space    used 0K, committed 0K, reserved 0K

Heap Regions: E=young(eden), S=young(survivor), O=old, HS=humongous(starts), HC=humongous(continues), CS=collection set, F=free, OA=open archive, CA=closed archive, TAMS=top-at-mark-start (previous, next)

Card table byte_map: [0x000002954f750000,0x000002954ff30000] _byte_map_base: 0x000002954bf2e000

Marking Bits (Prev, Next): (CMBitMap*) 0x000002953a6a7bc0, (CMBitMap*) 0x000002953a6a7c00
 Prev Bits: [0x0000029550710000, 0x0000029554600000)
 Next Bits: [0x0000029554600000, 0x00000295584f0000)

GC Heap History (0 events):
No events

Dll operation events (1 events):
Event: 0.011 Loaded shared library D:\Astudio\jbr\bin\java.dll

Deoptimization events (0 events):
No events

Classes unloaded (0 events):
No events

Classes redefined (0 events):
No events

Internal exceptions (0 events):
No events

VM Operations (0 events):
No events

Events (0 events):
No events


Dynamic libraries:
0x00007ff67a360000 - 0x00007ff67a36a000 	D:\Astudio\jbr\bin\java.EXE
0x00007ffcc17b0000 - 0x00007ffcc19c6000 	C:\Windows\SYSTEM32\ntdll.dll
0x00007ffcbfb90000 - 0x00007ffcbfc54000 	C:\Windows\System32\KERNEL32.DLL
0x00007ffcbeaf0000 - 0x00007ffcbee96000 	C:\Windows\System32\KERNELBASE.dll
0x00007ffcbf0e0000 - 0x00007ffcbf1f1000 	C:\Windows\System32\ucrtbase.dll
0x00007ffc9c4e0000 - 0x00007ffc9c4f7000 	D:\Astudio\jbr\bin\jli.dll
0x00007ffc9c4c0000 - 0x00007ffc9c4db000 	D:\Astudio\jbr\bin\VCRUNTIME140.dll
0x00007ffcc1400000 - 0x00007ffcc15ad000 	C:\Windows\System32\USER32.dll
0x00007ffcbf3a0000 - 0x00007ffcbf3c6000 	C:\Windows\System32\win32u.dll
0x00007ffcabc50000 - 0x00007ffcabee3000 	C:\Windows\WinSxS\amd64_microsoft.windows.common-controls_6595b64144ccf1df_6.0.22621.3235_none_270f74e173860f98\COMCTL32.dll
0x00007ffcbf9e0000 - 0x00007ffcbfa09000 	C:\Windows\System32\GDI32.dll
0x00007ffcc1070000 - 0x00007ffcc1117000 	C:\Windows\System32\msvcrt.dll
0x00007ffcbef40000 - 0x00007ffcbf058000 	C:\Windows\System32\gdi32full.dll
0x00007ffcbeea0000 - 0x00007ffcbef3a000 	C:\Windows\System32\msvcp_win.dll
0x00007ffcc15c0000 - 0x00007ffcc15f1000 	C:\Windows\System32\IMM32.DLL
0x00007ffcb33a0000 - 0x00007ffcb33ac000 	D:\Astudio\jbr\bin\vcruntime140_1.dll
0x00007ffc942a0000 - 0x00007ffc9432d000 	D:\Astudio\jbr\bin\msvcp140.dll
0x00007ffc38c10000 - 0x00007ffc39893000 	D:\Astudio\jbr\bin\server\jvm.dll
0x00007ffcc1120000 - 0x00007ffcc11d2000 	C:\Windows\System32\ADVAPI32.dll
0x00007ffcbf5b0000 - 0x00007ffcbf658000 	C:\Windows\System32\sechost.dll
0x00007ffcbf200000 - 0x00007ffcbf228000 	C:\Windows\System32\bcrypt.dll
0x00007ffcbfc60000 - 0x00007ffcbfd75000 	C:\Windows\System32\RPCRT4.dll
0x00007ffc9c560000 - 0x00007ffc9c569000 	C:\Windows\SYSTEM32\WSOCK32.dll
0x00007ffcbf500000 - 0x00007ffcbf571000 	C:\Windows\System32\WS2_32.dll
0x00007ffcb5ba0000 - 0x00007ffcb5bd4000 	C:\Windows\SYSTEM32\WINMM.dll
0x00007ffcbd940000 - 0x00007ffcbd98d000 	C:\Windows\SYSTEM32\POWRPROF.dll
0x00007ffcb5de0000 - 0x00007ffcb5dea000 	C:\Windows\SYSTEM32\VERSION.dll
0x00007ffcbd920000 - 0x00007ffcbd933000 	C:\Windows\SYSTEM32\UMPDC.dll
0x00007ffcbdbf0000 - 0x00007ffcbdc08000 	C:\Windows\SYSTEM32\kernel.appcore.dll
0x00007ffcb3380000 - 0x00007ffcb338a000 	D:\Astudio\jbr\bin\jimage.dll
0x00007ffcbc320000 - 0x00007ffcbc553000 	C:\Windows\SYSTEM32\DBGHELP.DLL
0x00007ffcc0ce0000 - 0x00007ffcc1068000 	C:\Windows\System32\combase.dll
0x00007ffcbf660000 - 0x00007ffcbf737000 	C:\Windows\System32\OLEAUT32.dll
0x00007ffcb3d90000 - 0x00007ffcb3dc2000 	C:\Windows\SYSTEM32\dbgcore.DLL
0x00007ffcbf060000 - 0x00007ffcbf0da000 	C:\Windows\System32\bcryptPrimitives.dll
0x00007ffc9c010000 - 0x00007ffc9c035000 	D:\Astudio\jbr\bin\java.dll

dbghelp: loaded successfully - version: 4.0.5 - missing functions: none
symbol engine: initialized successfully - sym options: 0x614 - pdb path: .;D:\Astudio\jbr\bin;C:\Windows\SYSTEM32;C:\Windows\WinSxS\amd64_microsoft.windows.common-controls_6595b64144ccf1df_6.0.22621.3235_none_270f74e173860f98;D:\Astudio\jbr\bin\server

VM Arguments:
java_command: <unknown>
java_class_path (initial): <not set>
Launcher Type: SUN_STANDARD

[Global flags]
     intx CICompilerCount                          = 4                                         {product} {ergonomic}
     uint ConcGCThreads                            = 3                                         {product} {ergonomic}
     uint G1ConcRefinementThreads                  = 10                                        {product} {ergonomic}
   size_t G1HeapRegionSize                         = 2097152                                   {product} {ergonomic}
    uintx GCDrainStackTargetSize                   = 64                                        {product} {ergonomic}
   size_t InitialHeapSize                          = 264241152                                 {product} {ergonomic}
   size_t MarkStackSize                            = 4194304                                   {product} {ergonomic}
   size_t MaxHeapSize                              = 4223664128                                {product} {ergonomic}
   size_t MinHeapDeltaBytes                        = 2097152                                   {product} {ergonomic}
   size_t MinHeapSize                              = 8388608                                   {product} {ergonomic}
    uintx NonNMethodCodeHeapSize                   = 5839372                                {pd product} {ergonomic}
    uintx NonProfiledCodeHeapSize                  = 122909434                              {pd product} {ergonomic}
    uintx ProfiledCodeHeapSize                     = 122909434                              {pd product} {ergonomic}
    uintx ReservedCodeCacheSize                    = 251658240                              {pd product} {ergonomic}
     bool SegmentedCodeCache                       = true                                      {product} {ergonomic}
   size_t SoftMaxHeapSize                          = 4223664128                             {manageable} {ergonomic}
     bool UseCompressedClassPointers               = true                           {product lp64_product} {ergonomic}
     bool UseCompressedOops                        = true                           {product lp64_product} {ergonomic}
     bool UseG1GC                                  = true                                      {product} {ergonomic}
     bool UseLargePagesIndividualAllocation        = false                                  {pd product} {ergonomic}

Logging:
Log output configuration:
 #0: stdout all=warning uptime,level,tags
 #1: stderr all=off uptime,level,tags

Environment Variables:
PATH=C:\Program Files (x86)\Common Files\Oracle\Java\javapath;C:\Windows\system32;C:\Windows;C:\Windows\System32\Wbem;C:\Windows\System32\WindowsPowerShell\v1.0\;C:\Windows\System32\OpenSSH\;C:\Program Files\NVIDIA Corporation\NVIDIA NvDLISR;C:\Program Files\dotnet\;C:\Program Files\Microsoft SQL Server\Client SDK\ODBC\170\Tools\Binn\;C:\Program Files (x86)\Microsoft SQL Server\150\Tools\Binn\;C:\Program Files\Microsoft SQL Server\150\Tools\Binn\;C:\Program Files\Microsoft SQL Server\150\DTS\Binn\;C:\Program Files (x86)\Windows Kits\8.1\Windows Performance Toolkit\;E:\putty\;C:\Program Files (x86)\Bitvise SSH Client;C:\Program Files (x86)\Windows Kits\10\Windows Performance Toolkit\;C:\Users\kanna\AppData\Local\Microsoft\WindowsApps;C:\Users\kanna\AppData\Local\Programs\Microsoft VS Code\bin;E:\Downloads\flutter_windows_3.19.3-stable\flutter\bin;;E:\Downloads\flutter_windows_3.19.3-stable\flutter\bin\mingit\cmd;E:\Downloads\flutter_windows_3.19.3-stable\flutter\bin\mingit\cmd
USERNAME=kanna
OS=Windows_NT
PROCESSOR_IDENTIFIER=Intel64 Family 6 Model 141 Stepping 1, GenuineIntel
TMP=C:\Users\kanna\AppData\Local\Temp
TEMP=C:\Users\kanna\AppData\Local\Temp



Periodic native trim disabled

JNI global refs:
JNI global refs: 0, weak refs: 0

JNI global refs memory usage: 0, weak refs: 0

OOME stack traces (most recent first):
Classloader memory used:


---------------  S Y S T E M  ---------------

OS:
 Windows 11 , 64 bit Build 22621 (10.0.22621.3235)
OS uptime: 2 days 6:11 hours
Hyper-V role detected

CPU: total 12 (initial active 12) (6 cores per cpu, 2 threads per core) family 6 model 141 stepping 1 microcode 0x34, cx8, cmov, fxsr, ht, mmx, 3dnowpref, sse, sse2, sse3, ssse3, sse4.1, sse4.2, popcnt, lzcnt, tsc, tscinvbit, avx, avx2, aes, erms, clmul, bmi1, bmi2, adx, avx512f, avx512dq, avx512cd, avx512bw, avx512vl, sha, fma, vzeroupper, avx512_vpopcntdq, avx512_vpclmulqdq, avx512_vaes, avx512_vnni, clflush, clflushopt, clwb, avx512_vbmi2, avx512_vbmi, hv
Processor Information for all 12 processors :
  Max Mhz: 2688, Current Mhz: 2688, Mhz Limit: 2688

Memory: 4k page, system-wide physical 16106M (5834M free)
TotalPageFile size 17700M (AvailPageFile size 238M)
current process WorkingSet (physical memory assigned to process): 11M, peak: 11M
current process commit charge ("private bytes"): 64M, peak: 316M

vm_info: OpenJDK 64-Bit Server VM (17.0.9+0--11185874) for windows-amd64 JRE (17.0.9+0--11185874), built on Dec  6 2023 18:57:44 by "androidbuild" with MS VC++ 16.10 / 16.11 (VS2019)

END.
